(---------------------------------------------------------------------)
(                                                                     )
(    Allegro Netrev Import Logic                                      )
(                                                                     )
(    Drawing          : mainBoard.brd                                 )
(    Software Version : 16.6-2015S108                                 )
(    Date/Time        : Sun Nov 27 03:41:38 2022                      )
(                                                                     )
(---------------------------------------------------------------------)


------ Directives ------------

Ripup etch:                  No
Ripup delete first segment:  No
Ripup retain bondwire:       No
Ripup symbols:               Always
Missing symbol has error:    No
DRC update:                  Yes
Schematic directory:         'C:/Users/hans/Documents/PCB/PCB/allegro'
Design Directory:            'C:/Users/hans/Documents/PCB/BluetoothBoard'
Old design name:             'C:/Users/hans/Documents/PCB/BluetoothBoard/mainBoard.brd'
New design name:             'C:/Users/hans/Documents/PCB/BluetoothBoard/mainBoard.brd'

CmdLine: netrev -$ -i C:/Users/hans/Documents/PCB/PCB/allegro -y 1 -q netrev_constraint_report.xml C:/Users/hans/Documents/PCB/BluetoothBoard/#Taaaail22972.tmp

------ Preparing to read pst files ------

Starting to read C:/Users/hans/Documents/PCB/PCB/allegro/pstchip.dat 
   Finished reading C:/Users/hans/Documents/PCB/PCB/allegro/pstchip.dat (00:00:00.03)
Starting to read C:/Users/hans/Documents/PCB/PCB/allegro/pstxprt.dat 
   Finished reading C:/Users/hans/Documents/PCB/PCB/allegro/pstxprt.dat (00:00:00.00)
Starting to read C:/Users/hans/Documents/PCB/PCB/allegro/pstxnet.dat 
   Finished reading C:/Users/hans/Documents/PCB/PCB/allegro/pstxnet.dat (00:00:00.00)

------ Oversights/Warnings/Errors ------


------ Library Paths ------
MODULEPATH =  . 
           D:/Cadence/SPB_16.6/share/local/pcb/modules 

PSMPATH =  C:/Users/hans/Documents/PCB/BluetoothBoard/Library/ 
           . 
           symbols 
           .. 
           ../symbols 
           D:/Cadence/SPB_16.6/share/local/pcb/symbols 
           D:/Cadence/SPB_16.6/share/pcb/pcb_lib/symbols 
           D:/Cadence/SPB_16.6/share/pcb/allegrolib/symbols 

PADPATH =  C:/Users/hans/Documents/PCB/BluetoothBoard/Library/ 
           . 
           symbols 
           .. 
           ../symbols 
           D:/Cadence/SPB_16.6/share/local/pcb/padstacks 
           D:/Cadence/SPB_16.6/share/pcb/pcb_lib/symbols 
           D:/Cadence/SPB_16.6/share/pcb/allegrolib/symbols 


------ Summary Statistics ------


netrev run on Nov 27 3:41:38 2022
   DESIGN NAME : 'BTBOX'
   PACKAGING ON Feb 15 2016 19:53:59

   COMPILE 'logic'
   CHECK_PIN_NAMES OFF
   CROSS_REFERENCE OFF
   FEEDBACK OFF
   INCREMENTAL OFF
   INTERFACE_TYPE PHYSICAL
   MAX_ERRORS 500
   MERGE_MINIMUM 5
   NET_NAME_CHARS '#%&()*+-./:=>?@[]^_`|'
   NET_NAME_LENGTH 24
   OVERSIGHTS ON
   REPLACE_CHECK OFF
   SINGLE_NODE_NETS ON
   SPLIT_MINIMUM 0
   SUPPRESS   20
   WARNINGS ON

 No error detected
 No oversight detected
 No warning detected

cpu time      0:00:46
elapsed time  0:00:00

